Using pre-set license
Built from '2021.3/staging' branch; Version is '2021.3.10f1 (1c7d0df0160b) revision 1867021'; Using compiler version '192829333'; Build Type 'Release'
OS: 'Windows 11  (10.0.22000) 64bit Professional' Language: 'en' Physical Memory: 32698 MB
BatchMode: 1, IsHumanControllingUs: 0, StartBugReporterOnCrash: 0, Is64bit: 1, IsPro: 1

COMMAND LINE ARGUMENTS:
C:\Program Files\2021.3.10f1\Editor\Unity.exe
-adb2
-batchMode
-noUpm
-name
AssetImportWorker0
-projectPath
D:/Programming/Unity/Rekindle
-logFile
Logs/AssetImportWorker0.log
-srvPort
50986
Successfully changed project path to: D:/Programming/Unity/Rekindle
D:/Programming/Unity/Rekindle
[UnityMemory] Configuration Parameters - Can be set up in boot.config
    "memorysetup-bucket-allocator-granularity=16"
    "memorysetup-bucket-allocator-bucket-count=8"
    "memorysetup-bucket-allocator-block-size=33554432"
    "memorysetup-bucket-allocator-block-count=8"
    "memorysetup-main-allocator-block-size=16777216"
    "memorysetup-thread-allocator-block-size=16777216"
    "memorysetup-gfx-main-allocator-block-size=16777216"
    "memorysetup-gfx-thread-allocator-block-size=16777216"
    "memorysetup-cache-allocator-block-size=4194304"
    "memorysetup-typetree-allocator-block-size=2097152"
    "memorysetup-profiler-bucket-allocator-granularity=16"
    "memorysetup-profiler-bucket-allocator-bucket-count=8"
    "memorysetup-profiler-bucket-allocator-block-size=33554432"
    "memorysetup-profiler-bucket-allocator-block-count=8"
    "memorysetup-profiler-allocator-block-size=16777216"
    "memorysetup-profiler-editor-allocator-block-size=1048576"
    "memorysetup-temp-allocator-size-main=16777216"
    "memorysetup-job-temp-allocator-block-size=2097152"
    "memorysetup-job-temp-allocator-block-size-background=1048576"
    "memorysetup-job-temp-allocator-reduction-small-platforms=262144"
    "memorysetup-temp-allocator-size-background-worker=32768"
    "memorysetup-temp-allocator-size-job-worker=262144"
    "memorysetup-temp-allocator-size-preload-manager=33554432"
    "memorysetup-temp-allocator-size-nav-mesh-worker=65536"
    "memorysetup-temp-allocator-size-audio-worker=65536"
    "memorysetup-temp-allocator-size-cloud-worker=32768"
    "memorysetup-temp-allocator-size-gi-baking-worker=262144"
    "memorysetup-temp-allocator-size-gfx=262144"
Unable to join player connection multicast group.
Unable to join player connection alternative multicast group.
Refreshing native plugins compatible for Editor in 84.25 ms, found 4 plugins.
Preloading 0 native plugins for Editor in 0.00 ms.
Initialize engine version: 2021.3.10f1 (1c7d0df0160b)
[Subsystems] Discovering subsystems at path C:/Program Files/2021.3.10f1/Editor/Data/Resources/UnitySubsystems
[Subsystems] Discovering subsystems at path D:/Programming/Unity/Rekindle/Assets
GfxDevice: creating device client; threaded=0; jobified=0
Direct3D:
    Version:  Direct3D 11.0 [level 11.1]
    Renderer: NVIDIA GeForce RTX 3060 (ID=0x2503)
    Vendor:   NVIDIA
    VRAM:     12142 MB
    Driver:   31.0.15.1748
Initialize mono
Mono path[0] = 'C:/Program Files/2021.3.10f1/Editor/Data/Managed'
Mono path[1] = 'C:/Program Files/2021.3.10f1/Editor/Data/MonoBleedingEdge/lib/mono/unityjit-win32'
Mono config path = 'C:/Program Files/2021.3.10f1/Editor/Data/MonoBleedingEdge/etc'
Using monoOptions --debugger-agent=transport=dt_socket,embedding=1,server=y,suspend=n,address=127.0.0.1:56140
Begin MonoManager ReloadAssembly
Registering precompiled unity dll's ...
Register platform support module: C:/Program Files/2021.3.10f1/Editor/Data/PlaybackEngines/WebGLSupport/UnityEditor.WebGL.Extensions.dll
Register platform support module: C:/Program Files/2021.3.10f1/Editor/Data/PlaybackEngines/MacStandaloneSupport/UnityEditor.OSXStandalone.Extensions.dll
Register platform support module: C:/Program Files/2021.3.10f1/Editor/Data/PlaybackEngines/AndroidPlayer/UnityEditor.Android.Extensions.dll
Register platform support module: C:/Program Files/2021.3.10f1/Editor/Data/PlaybackEngines/iOSSupport/UnityEditor.iOS.Extensions.dll
Register platform support module: C:/Program Files/2021.3.10f1/Editor/Data/PlaybackEngines/AppleTVSupport/UnityEditor.AppleTV.Extensions.dll
Register platform support module: C:/Program Files/2021.3.10f1/Editor/Data/PlaybackEngines/WindowsStandaloneSupport/UnityEditor.WindowsStandalone.Extensions.dll
Register platform support module: C:/Program Files/2021.3.10f1/Editor/Data/PlaybackEngines/LinuxStandaloneSupport/UnityEditor.LinuxStandalone.Extensions.dll
Register platform support module: C:/Program Files/2021.3.10f1/Editor/Data/PlaybackEngines/MetroSupport/UnityEditor.UWP.Extensions.dll
Registered in 0.007798 seconds.
Native extension for UWP target not found
Native extension for LinuxStandalone target not found
Native extension for WindowsStandalone target not found
[usbmuxd] Start listen thread
[usbmuxd] Listen thread started
Native extension for AppleTV target not found
[usbmuxd] Start listen thread
[usbmuxd] Listen thread started
Native extension for iOS target not found
Native extension for Android target not found
Native extension for OSXStandalone target not found
Native extension for WebGL target not found
Refreshing native plugins compatible for Editor in 79.81 ms, found 4 plugins.
Preloading 0 native plugins for Editor in 0.00 ms.
Mono: successfully reloaded assembly
- Completed reload, in  0.596 seconds
Domain Reload Profiling:
	ReloadAssembly (596ms)
		BeginReloadAssembly (60ms)
			ExecutionOrderSort (0ms)
			DisableScriptedObjects (0ms)
			BackupInstance (0ms)
			ReleaseScriptingObjects (0ms)
			CreateAndSetChildDomain (1ms)
		EndReloadAssembly (438ms)
			LoadAssemblies (60ms)
			RebuildTransferFunctionScriptingTraits (0ms)
			SetupTypeCache (98ms)
			ReleaseScriptCaches (0ms)
			RebuildScriptCaches (26ms)
			SetupLoadedEditorAssemblies (270ms)
				LogAssemblyErrors (0ms)
				InitializePlatformSupportModulesInManaged (62ms)
				SetLoadedEditorAssemblies (0ms)
				RefreshPlugins (80ms)
				BeforeProcessingInitializeOnLoad (1ms)
				ProcessInitializeOnLoadAttributes (85ms)
				ProcessInitializeOnLoadMethodAttributes (42ms)
				AfterProcessingInitializeOnLoad (0ms)
				EditorAssembliesLoaded (0ms)
			ExecutionOrderSort2 (0ms)
			AwakeInstancesAfterBackupRestoration (0ms)
Platform modules already initialized, skipping
Registering precompiled user dll's ...
Registered in 0.006928 seconds.
Begin MonoManager ReloadAssembly
Symbol file LoadedFromMemory doesn't match image D:\Programming\Unity\Rekindle\Library\PackageCache\com.unity.visualscripting@1.7.8\Editor\VisualScripting.Core\Dependencies\YamlDotNet\Unity.VisualScripting.YamlDotNet.dll
Symbol file LoadedFromMemory doesn't match image D:\Programming\Unity\Rekindle\Library\PackageCache\com.unity.visualscripting@1.7.8\Editor\VisualScripting.Core\Dependencies\DotNetZip\Unity.VisualScripting.IonicZip.dll
Native extension for UWP target not found
Native extension for LinuxStandalone target not found
Native extension for WindowsStandalone target not found
Native extension for AppleTV target not found
Native extension for iOS target not found
Native extension for Android target not found
Native extension for OSXStandalone target not found
Native extension for WebGL target not found
Refreshing native plugins compatible for Editor in 87.88 ms, found 4 plugins.
Preloading 0 native plugins for Editor in 0.00 ms.
Mono: successfully reloaded assembly
- Completed reload, in  1.173 seconds
Domain Reload Profiling:
	ReloadAssembly (1174ms)
		BeginReloadAssembly (193ms)
			ExecutionOrderSort (0ms)
			DisableScriptedObjects (5ms)
			BackupInstance (0ms)
			ReleaseScriptingObjects (0ms)
			CreateAndSetChildDomain (116ms)
		EndReloadAssembly (879ms)
			LoadAssemblies (71ms)
			RebuildTransferFunctionScriptingTraits (0ms)
			SetupTypeCache (229ms)
			ReleaseScriptCaches (1ms)
			RebuildScriptCaches (53ms)
			SetupLoadedEditorAssemblies (478ms)
				LogAssemblyErrors (0ms)
				InitializePlatformSupportModulesInManaged (29ms)
				SetLoadedEditorAssemblies (0ms)
				RefreshPlugins (88ms)
				BeforeProcessingInitializeOnLoad (101ms)
				ProcessInitializeOnLoadAttributes (213ms)
				ProcessInitializeOnLoadMethodAttributes (40ms)
				AfterProcessingInitializeOnLoad (5ms)
				EditorAssembliesLoaded (0ms)
			ExecutionOrderSort2 (0ms)
			AwakeInstancesAfterBackupRestoration (6ms)
Platform modules already initialized, skipping
========================================================================
Worker process is ready to serve import requests
Launched and connected shader compiler UnityShaderCompiler.exe after 0.04 seconds
Refreshing native plugins compatible for Editor in 1.17 ms, found 4 plugins.
Preloading 0 native plugins for Editor in 0.00 ms.
Unloading 4068 Unused Serialized files (Serialized files now loaded: 0)
Unloading 38 unused Assets / (56.4 KB). Loaded Objects now: 4526.
Memory consumption went from 156.0 MB to 156.0 MB.
Total: 3.405600 ms (FindLiveObjects: 0.334400 ms CreateObjectMapping: 0.304600 ms MarkObjects: 2.645500 ms  DeleteObjects: 0.119900 ms)

AssetImportParameters requested are different than current active one (requested -> active):
  custom:video-decoder-ogg-theora: a1e56fd34408186e4bbccfd4996cb3dc -> 
  custom:container-muxer-webm: aa71ff27fc2769a1b78a27578f13a17b -> 
  custom:container-demuxer-webm: 4f35f7cbe854078d1ac9338744f61a02 -> 
  custom:video-encoder-webm-vp8: eb34c28f22e8b96e1ab97ce403110664 -> 
  custom:audio-encoder-webm-vorbis: bf7c407c2cedff20999df2af8eb42d56 -> 
  custom:framework-win-MediaFoundation: 216162199b28c13a410421893ffa2e32 -> 
  custom:container-demuxer-ogg: 62fdf1f143b41e24485cea50d1cbac27 -> 
  custom:video-decoder-webm-vp8: 9c59270c3fd7afecdb556c50c9e8de78 -> 
  custom:audio-decoder-ogg-vorbis: bf7c407c2cedff20999df2af8eb42d56 -> 
========================================================================
Received Import Request.
  Time since last request: 781052.044435 seconds.
  path: Assets/Scripts
  artifactKey: Guid(4d717dbe087c1a54f815872f6575b40a) Importer(815301076,1909f56bfc062723c751e8b465ee728b)
Start importing Assets/Scripts using Guid(4d717dbe087c1a54f815872f6575b40a) Importer(815301076,1909f56bfc062723c751e8b465ee728b)  -> (artifact id: 'edc6598b83ee25163d2e10db2645acd7') in 0.009541 seconds 
========================================================================
Received Import Request.
  Time since last request: 107.631682 seconds.
  path: Assets/Art
  artifactKey: Guid(e73ffd054d553ff4a8bb05c58aeac4d4) Importer(815301076,1909f56bfc062723c751e8b465ee728b)
Start importing Assets/Art using Guid(e73ffd054d553ff4a8bb05c58aeac4d4) Importer(815301076,1909f56bfc062723c751e8b465ee728b)  -> (artifact id: '0af627131cd3f0a7c54d865058906dd5') in 0.004275 seconds 
========================================================================
Received Import Request.
  Time since last request: 11.057329 seconds.
  path: Assets/Art/Materials
  artifactKey: Guid(d2e945ec8b9a47f4ab691f14c9df1189) Importer(815301076,1909f56bfc062723c751e8b465ee728b)
Start importing Assets/Art/Materials using Guid(d2e945ec8b9a47f4ab691f14c9df1189) Importer(815301076,1909f56bfc062723c751e8b465ee728b)  -> (artifact id: '9c532443d2af856d9534052771a3104a') in 0.003782 seconds 
========================================================================
Received Import Request.
  Time since last request: 6.639879 seconds.
  path: Assets/Art/Model
  artifactKey: Guid(f08767d8f8786914c9919ac58b52bbdf) Importer(815301076,1909f56bfc062723c751e8b465ee728b)
Start importing Assets/Art/Model using Guid(f08767d8f8786914c9919ac58b52bbdf) Importer(815301076,1909f56bfc062723c751e8b465ee728b)  -> (artifact id: 'b6a2207db1e93f5ebcc4f0079cbfc918') in 0.003770 seconds 
========================================================================
Received Import Request.
  Time since last request: 11.512869 seconds.
  path: Assets/Art/Models
  artifactKey: Guid(f08767d8f8786914c9919ac58b52bbdf) Importer(815301076,1909f56bfc062723c751e8b465ee728b)
Start importing Assets/Art/Models using Guid(f08767d8f8786914c9919ac58b52bbdf) Importer(815301076,1909f56bfc062723c751e8b465ee728b)  -> (artifact id: '722f8578cc73ba8bdd82468f23eca8f3') in 0.003783 seconds 
========================================================================
Received Import Request.
  Time since last request: 6.163443 seconds.
  path: Assets/Art/Textures
  artifactKey: Guid(d21865266beb70f44bf28c390367411f) Importer(815301076,1909f56bfc062723c751e8b465ee728b)
Start importing Assets/Art/Textures using Guid(d21865266beb70f44bf28c390367411f) Importer(815301076,1909f56bfc062723c751e8b465ee728b)  -> (artifact id: 'eaf1eea062ce55d21dbe8dcb3cc23579') in 0.013400 seconds 
========================================================================
Received Import Request.
  Time since last request: 6.797067 seconds.
  path: Assets/Music
  artifactKey: Guid(75dd2fda74175e44caad50dd7e93d643) Importer(815301076,1909f56bfc062723c751e8b465ee728b)
Start importing Assets/Music using Guid(75dd2fda74175e44caad50dd7e93d643) Importer(815301076,1909f56bfc062723c751e8b465ee728b)  -> (artifact id: '9a4369e9b90631d9540e38e5a2e103c9') in 0.003896 seconds 
========================================================================
Received Import Request.
  Time since last request: 8.836669 seconds.
  path: Assets/Audio
  artifactKey: Guid(75dd2fda74175e44caad50dd7e93d643) Importer(815301076,1909f56bfc062723c751e8b465ee728b)
Start importing Assets/Audio using Guid(75dd2fda74175e44caad50dd7e93d643) Importer(815301076,1909f56bfc062723c751e8b465ee728b)  -> (artifact id: 'e72e5eca78315013c17d418f5bc7b2c3') in 0.003710 seconds 
========================================================================
Received Import Request.
  Time since last request: 5.096973 seconds.
  path: Assets/Audio/Music
  artifactKey: Guid(9bd1a0852a479704e994e35b058be1c9) Importer(815301076,1909f56bfc062723c751e8b465ee728b)
Start importing Assets/Audio/Music using Guid(9bd1a0852a479704e994e35b058be1c9) Importer(815301076,1909f56bfc062723c751e8b465ee728b)  -> (artifact id: '652d50520fabe99fe1f8fdf1a977f99e') in 0.001198 seconds 
========================================================================
Received Import Request.
  Time since last request: 3.864892 seconds.
  path: Assets/Audio/Sound
  artifactKey: Guid(6e5dd116b9b0750459392f6b9d0bed03) Importer(815301076,1909f56bfc062723c751e8b465ee728b)
Start importing Assets/Audio/Sound using Guid(6e5dd116b9b0750459392f6b9d0bed03) Importer(815301076,1909f56bfc062723c751e8b465ee728b)  -> (artifact id: '4015de8b4eaeec4f638a6f7a0aedce25') in 0.003858 seconds 
========================================================================
Received Import Request.
  Time since last request: 9.627189 seconds.
  path: Assets/Code
  artifactKey: Guid(3598c9afdd4cebd45bfeb26f2ba9a106) Importer(815301076,1909f56bfc062723c751e8b465ee728b)
Start importing Assets/Code using Guid(3598c9afdd4cebd45bfeb26f2ba9a106) Importer(815301076,1909f56bfc062723c751e8b465ee728b)  -> (artifact id: '7f289fdb6604c53002baab027891c739') in 0.003809 seconds 
========================================================================
Received Import Request.
  Time since last request: 6.085963 seconds.
  path: Assets/Code/Shaders
  artifactKey: Guid(2d5350b0d1f95914aabb3844189be578) Importer(815301076,1909f56bfc062723c751e8b465ee728b)
Start importing Assets/Code/Shaders using Guid(2d5350b0d1f95914aabb3844189be578) Importer(815301076,1909f56bfc062723c751e8b465ee728b)  -> (artifact id: 'b8fa93b227bc64275f4c49fd02c7d235') in 0.004033 seconds 
========================================================================
Received Import Request.
  Time since last request: 8.406688 seconds.
  path: Assets/Docs
  artifactKey: Guid(e80872fda44e29748b801cfad7c4edd1) Importer(815301076,1909f56bfc062723c751e8b465ee728b)
Start importing Assets/Docs using Guid(e80872fda44e29748b801cfad7c4edd1) Importer(815301076,1909f56bfc062723c751e8b465ee728b)  -> (artifact id: 'b20e2ce7a64db4ce0fadf887560c67be') in 0.003769 seconds 
========================================================================
Received Import Request.
  Time since last request: 14.284629 seconds.
  path: Assets/Level
  artifactKey: Guid(152bea0fab5316645812f700971b9e8c) Importer(815301076,1909f56bfc062723c751e8b465ee728b)
Start importing Assets/Level using Guid(152bea0fab5316645812f700971b9e8c) Importer(815301076,1909f56bfc062723c751e8b465ee728b)  -> (artifact id: '00417cd9b4b5249c64eab9933f19abfd') in 0.003921 seconds 
========================================================================
Received Import Request.
  Time since last request: 6.911448 seconds.
  path: Assets/Level/Prefabs
  artifactKey: Guid(e393dd9b5ed79334ca955afa5b31f5f6) Importer(815301076,1909f56bfc062723c751e8b465ee728b)
Start importing Assets/Level/Prefabs using Guid(e393dd9b5ed79334ca955afa5b31f5f6) Importer(815301076,1909f56bfc062723c751e8b465ee728b)  -> (artifact id: '0d7bcfed30d0def1cd69f28520b20136') in 0.003774 seconds 
========================================================================
Received Import Request.
  Time since last request: 6.488641 seconds.
  path: Assets/Level/Scenes
  artifactKey: Guid(44d674830d593ce4091eb477538fc061) Importer(815301076,1909f56bfc062723c751e8b465ee728b)
Start importing Assets/Level/Scenes using Guid(44d674830d593ce4091eb477538fc061) Importer(815301076,1909f56bfc062723c751e8b465ee728b)  -> (artifact id: 'e6f8e240cb11c687a1dd2509eae72665') in 0.003662 seconds 
========================================================================
Received Import Request.
  Time since last request: 5.248323 seconds.
  path: Assets/Level/UI
  artifactKey: Guid(6e0a075e401ae3147b22746b38daf4ba) Importer(815301076,1909f56bfc062723c751e8b465ee728b)
Start importing Assets/Level/UI using Guid(6e0a075e401ae3147b22746b38daf4ba) Importer(815301076,1909f56bfc062723c751e8b465ee728b)  -> (artifact id: 'a23a45d3cd4f1a99d301afb62a074d48') in 0.003858 seconds 
========================================================================
Received Import Request.
  Time since last request: 80.720544 seconds.
  path: Assets/Art/Fonts
  artifactKey: Guid(ef4166a23c2a9b44d878e01195320b8c) Importer(815301076,1909f56bfc062723c751e8b465ee728b)
Start importing Assets/Art/Fonts using Guid(ef4166a23c2a9b44d878e01195320b8c) Importer(815301076,1909f56bfc062723c751e8b465ee728b)  -> (artifact id: '7a2750ba30db6dffefe1aa3bb99319c7') in 0.004821 seconds 
========================================================================
Received Prepare
Registering precompiled user dll's ...
Registered in 0.004788 seconds.
Begin MonoManager ReloadAssembly
Symbol file LoadedFromMemory doesn't match image D:\Programming\Unity\Rekindle\Library\PackageCache\com.unity.visualscripting@1.7.8\Editor\VisualScripting.Core\Dependencies\YamlDotNet\Unity.VisualScripting.YamlDotNet.dll
Symbol file LoadedFromMemory doesn't match image D:\Programming\Unity\Rekindle\Library\PackageCache\com.unity.visualscripting@1.7.8\Editor\VisualScripting.Core\Dependencies\DotNetZip\Unity.VisualScripting.IonicZip.dll
Native extension for UWP target not found
Native extension for LinuxStandalone target not found
Native extension for WindowsStandalone target not found
Native extension for AppleTV target not found
Native extension for iOS target not found
Native extension for Android target not found
Native extension for OSXStandalone target not found
Native extension for WebGL target not found
Refreshing native plugins compatible for Editor in 0.66 ms, found 4 plugins.
Preloading 0 native plugins for Editor in 0.00 ms.
Mono: successfully reloaded assembly
- Completed reload, in  0.928 seconds
Domain Reload Profiling:
	ReloadAssembly (929ms)
		BeginReloadAssembly (117ms)
			ExecutionOrderSort (0ms)
			DisableScriptedObjects (7ms)
			BackupInstance (0ms)
			ReleaseScriptingObjects (0ms)
			CreateAndSetChildDomain (34ms)
		EndReloadAssembly (724ms)
			LoadAssemblies (76ms)
			RebuildTransferFunctionScriptingTraits (0ms)
			SetupTypeCache (232ms)
			ReleaseScriptCaches (1ms)
			RebuildScriptCaches (39ms)
			SetupLoadedEditorAssemblies (317ms)
				LogAssemblyErrors (0ms)
				InitializePlatformSupportModulesInManaged (32ms)
				SetLoadedEditorAssemblies (0ms)
				RefreshPlugins (1ms)
				BeforeProcessingInitializeOnLoad (64ms)
				ProcessInitializeOnLoadAttributes (180ms)
				ProcessInitializeOnLoadMethodAttributes (33ms)
				AfterProcessingInitializeOnLoad (6ms)
				EditorAssembliesLoaded (0ms)
			ExecutionOrderSort2 (0ms)
			AwakeInstancesAfterBackupRestoration (9ms)
Platform modules already initialized, skipping
Refreshing native plugins compatible for Editor in 3.12 ms, found 4 plugins.
Preloading 0 native plugins for Editor in 0.00 ms.
Unloading 4065 Unused Serialized files (Serialized files now loaded: 0)
Unloading 25 unused Assets / (24.7 KB). Loaded Objects now: 4537.
Memory consumption went from 155.7 MB to 155.6 MB.
Total: 2.892000 ms (FindLiveObjects: 0.264300 ms CreateObjectMapping: 0.188400 ms MarkObjects: 2.413700 ms  DeleteObjects: 0.024700 ms)

AssetImportParameters requested are different than current active one (requested -> active):
  custom:video-decoder-ogg-theora: a1e56fd34408186e4bbccfd4996cb3dc -> 
  custom:container-muxer-webm: aa71ff27fc2769a1b78a27578f13a17b -> 
  custom:container-demuxer-webm: 4f35f7cbe854078d1ac9338744f61a02 -> 
  custom:video-encoder-webm-vp8: eb34c28f22e8b96e1ab97ce403110664 -> 
  custom:audio-encoder-webm-vorbis: bf7c407c2cedff20999df2af8eb42d56 -> 
  custom:framework-win-MediaFoundation: 216162199b28c13a410421893ffa2e32 -> 
  custom:container-demuxer-ogg: 62fdf1f143b41e24485cea50d1cbac27 -> 
  custom:video-decoder-webm-vp8: 9c59270c3fd7afecdb556c50c9e8de78 -> 
  custom:audio-decoder-ogg-vorbis: bf7c407c2cedff20999df2af8eb42d56 -> 
